<?xml version="1.0" encoding="UTF-8"?>
<!-- Generated by org.testng.reporters.JUnitReportReporter -->
<testsuite hostname="Jasanthas-MacBook-Pro.local" failures="0" tests="1" name="automation.Stores" time="3.528" errors="0" timestamp="24 Feb 2019 21:25:12 GMT" skipped="0">
  <testcase classname="automation.Stores" name="testStores" time="3.528"/>
</testsuite> <!-- automation.Stores -->
