<?xml version="1.0" encoding="UTF-8"?>
<!-- Generated by org.testng.reporters.JUnitReportReporter -->
<testsuite skipped="0" hostname="Gopinaths-MacBook-Air.local" name="automation.ProductsTest" tests="1" failures="0" timestamp="26 Feb 2019 06:52:45 GMT" time="2.817" errors="0">
  <testcase name="testProducts" time="2.817" classname="automation.ProductsTest"/>
</testsuite> <!-- automation.ProductsTest -->
